<?xml version="1.0" encoding="UTF-8"?>
<!-- Generated by org.testng.reporters.JUnitReportReporter -->
<testsuite hostname="Administrators-MacBook-Air-62.local" name="com.main.Methods" tests="1" failures="0" timestamp="16 Jan 2017 11:02:22 GMT" time="47.616" errors="0">
  <testcase name="firtsTest" time="47.616" classname="com.main.Methods"/>
</testsuite> <!-- com.main.Methods -->
